{
  "RSpec": {
    "coverage": {
      "/Users/jkh/Desktop/side-proj/side-project-challenge/spec/backend/features/return_matching_pols_spec.rb": [
        null,
        null,
        1,
        null,
        1,
        1,
        1,
        1,
        1,
        1,
        null,
        null
      ],
      "/Users/jkh/Desktop/side-proj/side-project-challenge/spec/backend/features/search_for_pol_spec.rb": [
        null,
        1,
        null,
        1,
        1,
        1,
        1,
        1,
        null,
        null
      ],
      "/Users/jkh/Desktop/side-proj/side-project-challenge/spec/backend/unit/collator_spec.rb": [
        null,
        1,
        null,
        1,
        null,
        4,
        4,
        null,
        1,
        3,
        3,
        null,
        null,
        1,
        1,
        1,
        1,
        null,
        1,
        1,
        1,
        null,
        1,
        1,
        1,
        2,
        1,
        null,
        null,
        null,
        null
      ],
      "/Users/jkh/Desktop/side-proj/side-project-challenge/spec/backend/unit/parser_spec.rb": [
        null,
        1,
        null,
        null,
        1,
        null,
        3,
        null,
        1,
        1,
        1,
        1,
        null,
        null,
        1,
        1,
        1,
        null,
        null,
        null,
        null,
        null
      ],
      "/Users/jkh/Desktop/side-proj/side-project-challenge/spec/backend/unit/twitter_spec.rb": [
        null,
        1,
        null,
        null,
        1,
        null,
        3,
        3,
        1,
        3,
        2,
        null,
        1,
        1,
        2,
        2,
        2,
        null,
        1,
        1,
        1,
        null,
        1,
        11,
        1,
        4,
        null,
        null,
        null,
        null
      ]
    },
    "timestamp": 1500240647
  }
}
